<?xml version="1.0" encoding="UTF-8" ?>
<testsuite failures="2" time="0.445" errors="0" skipped="0" tests="2" name="com.github.i24x.spring.ioc.bean.Aoo2Test">
  <properties>
    <property name="java.runtime.name" value="Java(TM) SE Runtime Environment"/>
    <property name="sun.boot.library.path" value="D:\env\jdk1.7.0_21\jre\bin"/>
    <property name="java.vm.version" value="23.21-b01"/>
    <property name="java.vm.vendor" value="Oracle Corporation"/>
    <property name="maven.multiModuleProjectDirectory" value="$M2_HOME"/>
    <property name="java.vendor.url" value="http://java.oracle.com/"/>
    <property name="path.separator" value=";"/>
    <property name="guice.disable.misplaced.annotation.check" value="true"/>
    <property name="java.vm.name" value="Java HotSpot(TM) Client VM"/>
    <property name="file.encoding.pkg" value="sun.io"/>
    <property name="user.script" value=""/>
    <property name="user.country" value="CN"/>
    <property name="sun.java.launcher" value="SUN_STANDARD"/>
    <property name="sun.os.patch.level" value="Service Pack 1"/>
    <property name="java.vm.specification.name" value="Java Virtual Machine Specification"/>
    <property name="user.dir" value="E:\core-api\spring\spring.ioc"/>
    <property name="java.runtime.version" value="1.7.0_21-b11"/>
    <property name="java.awt.graphicsenv" value="sun.awt.Win32GraphicsEnvironment"/>
    <property name="java.endorsed.dirs" value="D:\env\jdk1.7.0_21\jre\lib\endorsed"/>
    <property name="os.arch" value="x86"/>
    <property name="java.io.tmpdir" value="C:\Users\i24x\AppData\Local\Temp\"/>
    <property name="line.separator" value="
"/>
    <property name="java.vm.specification.vendor" value="Oracle Corporation"/>
    <property name="user.variant" value=""/>
    <property name="os.name" value="Windows 7"/>
    <property name="classworlds.conf" value="E:\core-api\.metadata\.plugins\org.eclipse.m2e.core\launches\m2conf7054115656165740358.tmp"/>
    <property name="sun.jnu.encoding" value="GBK"/>
    <property name="java.library.path" value="D:\env\jdk1.7.0_21\bin;C:\Windows\Sun\Java\bin;C:\Windows\system32;C:\Windows;C:\Windows\system32;C:\Windows;C:\Windows\System32\Wbem;C:\Windows\System32\WindowsPowerShell\v1.0\;D:\env\jdk1.7.0_21/bin;D:\Program Files\Git\cmd;D:\Program Files\TortoiseGit\bin;D:\apache-maven-3.5.3/bin;."/>
    <property name="java.specification.name" value="Java Platform API Specification"/>
    <property name="java.class.version" value="51.0"/>
    <property name="sun.management.compiler" value="HotSpot Client Compiler"/>
    <property name="os.version" value="6.1"/>
    <property name="user.home" value="C:\Users\i24x"/>
    <property name="user.timezone" value="Asia/Shanghai"/>
    <property name="java.awt.printerjob" value="sun.awt.windows.WPrinterJob"/>
    <property name="java.specification.version" value="1.7"/>
    <property name="file.encoding" value="GBK"/>
    <property name="user.name" value="i24x"/>
    <property name="java.class.path" value="D:\apache-maven-3.5.3\boot\plexus-classworlds-2.5.2.jar"/>
    <property name="java.vm.specification.version" value="1.7"/>
    <property name="sun.arch.data.model" value="32"/>
    <property name="java.home" value="D:\env\jdk1.7.0_21\jre"/>
    <property name="sun.java.command" value="org.codehaus.classworlds.Launcher -B -s D:\apache-maven-3.5.3\conf\settings.xml clean install"/>
    <property name="java.specification.vendor" value="Oracle Corporation"/>
    <property name="user.language" value="zh"/>
    <property name="awt.toolkit" value="sun.awt.windows.WToolkit"/>
    <property name="java.vm.info" value="mixed mode, sharing"/>
    <property name="java.version" value="1.7.0_21"/>
    <property name="java.ext.dirs" value="D:\env\jdk1.7.0_21\jre\lib\ext;C:\Windows\Sun\Java\lib\ext"/>
    <property name="sun.boot.class.path" value="D:\env\jdk1.7.0_21\jre\lib\resources.jar;D:\env\jdk1.7.0_21\jre\lib\rt.jar;D:\env\jdk1.7.0_21\jre\lib\sunrsasign.jar;D:\env\jdk1.7.0_21\jre\lib\jsse.jar;D:\env\jdk1.7.0_21\jre\lib\jce.jar;D:\env\jdk1.7.0_21\jre\lib\charsets.jar;D:\env\jdk1.7.0_21\jre\lib\jfr.jar;D:\env\jdk1.7.0_21\jre\classes"/>
    <property name="java.vendor" value="Oracle Corporation"/>
    <property name="maven.home" value="D:\apache-maven-3.5.3"/>
    <property name="file.separator" value="\"/>
    <property name="java.vendor.url.bug" value="http://bugreport.sun.com/bugreport/"/>
    <property name="sun.cpu.endian" value="little"/>
    <property name="sun.io.unicode.encoding" value="UnicodeLittle"/>
    <property name="sun.desktop" value="windows"/>
    <property name="sun.cpu.isalist" value="pentium_pro+mmx pentium_pro pentium+mmx pentium i486 i386 i86"/>
  </properties>
  <testcase time="0.444" classname="com.github.i24x.spring.ioc.bean.Aoo2Test" name="testSendMsg">
    <failure message="Not yet implemented" type="java.lang.AssertionError">java.lang.AssertionError: Not yet implemented
	at org.junit.Assert.fail(Assert.java:93)
	at com.github.i24x.spring.ioc.bean.Aoo2Test.testSendMsg(Aoo2Test.java:20)
</failure>
    <system-err>[INFO] XmlBeanDefinitionReader - Loading XML bean definitions from class path resource [applicationContext.xml]
[INFO] GenericApplicationContext - Refreshing org.springframework.context.support.GenericApplicationContext@1583a80: startup date [Sun May 20 19:56:55 CST 2018]; root of context hierarchy
[INFO] PropertySourcesPlaceholderConfigurer - Loading properties file from file [E:\core-api\spring\spring.ioc\target\classes\commons-logging.properties]
[INFO] PropertySourcesPlaceholderConfigurer - Loading properties file from file [E:\core-api\spring\spring.ioc\target\classes\config.properties]
[INFO] PropertySourcesPlaceholderConfigurer - Loading properties file from file [E:\core-api\spring\spring.ioc\target\classes\simplelog.properties]
[INFO] BoolifeCycleBeanFactoryPostProcessor - BeanFactoryPostProcessor()初始化....
[INFO] BoolifeCycleBeanFactoryPostProcessor - 1======设置属性  BeanFactoryPostProcessor.postProcessBeanFactory
[INFO] BoolifeCycleBeanPostProcessor - BeanPostProcessor()初始化....
[INFO] BoolifeCycleInstantiationAwareBeanPostProcessor - InstantiationAwareBeanPostProcessor()初始化....
[INFO] BoolifeCycleInstantiationAwareBeanPostProcessor - 3====初始化前处理  InstantiationAwareBeanPostProcessor.postProcessBeforeInstantiation:BoolifeCycle
[INFO] BoolifeCycle - BoolifeCycle implements InitializingBean, DisposableBean,BeanNameAware, BeanFactoryAware执行构造器....
[INFO] BoolifeCycleInstantiationAwareBeanPostProcessor - 3====设置属性处理  InstantiationAwareBeanPostProcessor.postProcessPropertyValues方法:BoolifeCycle
[INFO] BoolifeCycle - BoolifeCycle.setAge=200000
[INFO] BoolifeCycle - BoolifeCycle.BeanNameAware.setBeanName=BoolifeCycle
[INFO] BoolifeCycle - BoolifeCycle.BeanFactoryAware.setBeanFactory
[INFO] BoolifeCycleBeanPostProcessor - 2======初始化前处理  BeanPostProcessor.postProcessBeforeInitialization方法，这里可对BoolifeCycle的属性进行更改BoolifeCycle [+name=null, age=200000, beanName=BoolifeCycle]
[INFO] BoolifeCycle - PostConstruct 初始化后处理
[INFO] BoolifeCycle - BoolifeCycle.InitializingBean.afterPropertiesSet()
[INFO] BoolifeCycleBeanPostProcessor - 2======初始化后处理  BeanPostProcessor.postProcessAfterInitialization方法，这里可对BoolifeCycle的属性进行更改BoolifeCycle [+name=null, age=200000, beanName=BoolifeCycle]
[INFO] BoolifeCycleInstantiationAwareBeanPostProcessor - 3====初始化后处理 InstantiationAwareBeanPostProcessor.postProcessAfterInitialization方法:BoolifeCycle
[INFO] BoolifeCycleInstantiationAwareBeanPostProcessor - 3====初始化前处理  InstantiationAwareBeanPostProcessor.postProcessBeforeInstantiation:Aoo
[INFO] BoolifeCycleInstantiationAwareBeanPostProcessor - 3====设置属性处理  InstantiationAwareBeanPostProcessor.postProcessPropertyValues方法:Aoo
[INFO] BoolifeCycleBeanPostProcessor - 2======初始化前处理  BeanPostProcessor.postProcessBeforeInitialization方法，这里可对Aoo的属性进行更改com.github.i24x.spring.ioc.bean.Aoo@efe6fd
[INFO] BoolifeCycleBeanPostProcessor - 2======初始化后处理  BeanPostProcessor.postProcessAfterInitialization方法，这里可对Aoo的属性进行更改com.github.i24x.spring.ioc.bean.Aoo@efe6fd
[INFO] BoolifeCycleInstantiationAwareBeanPostProcessor - 3====初始化后处理 InstantiationAwareBeanPostProcessor.postProcessAfterInitialization方法:Aoo
[INFO] BoolifeCycleInstantiationAwareBeanPostProcessor - 3====设置属性处理  InstantiationAwareBeanPostProcessor.postProcessPropertyValues方法:com.github.i24x.spring.ioc.bean.Aoo2Test
[INFO] BoolifeCycleBeanPostProcessor - 2======初始化前处理  BeanPostProcessor.postProcessBeforeInitialization方法，这里可对com.github.i24x.spring.ioc.bean.Aoo2Test的属性进行更改com.github.i24x.spring.ioc.bean.Aoo2Test@1c9999f
[INFO] BoolifeCycleBeanPostProcessor - 2======初始化后处理  BeanPostProcessor.postProcessAfterInitialization方法，这里可对com.github.i24x.spring.ioc.bean.Aoo2Test的属性进行更改com.github.i24x.spring.ioc.bean.Aoo2Test@1c9999f
[INFO] BoolifeCycleInstantiationAwareBeanPostProcessor - 3====初始化后处理 InstantiationAwareBeanPostProcessor.postProcessAfterInitialization方法:com.github.i24x.spring.ioc.bean.Aoo2Test
</system-err>
  </testcase>
  <testcase time="0.001" classname="com.github.i24x.spring.ioc.bean.Aoo2Test" name="testSetAddress">
    <failure message="Not yet implemented" type="java.lang.AssertionError">java.lang.AssertionError: Not yet implemented
	at org.junit.Assert.fail(Assert.java:93)
	at com.github.i24x.spring.ioc.bean.Aoo2Test.testSetAddress(Aoo2Test.java:25)
</failure>
    <system-err>[INFO] BoolifeCycleInstantiationAwareBeanPostProcessor - 3====设置属性处理  InstantiationAwareBeanPostProcessor.postProcessPropertyValues方法:com.github.i24x.spring.ioc.bean.Aoo2Test
[INFO] BoolifeCycleBeanPostProcessor - 2======初始化前处理  BeanPostProcessor.postProcessBeforeInitialization方法，这里可对com.github.i24x.spring.ioc.bean.Aoo2Test的属性进行更改com.github.i24x.spring.ioc.bean.Aoo2Test@1b84411
[INFO] BoolifeCycleBeanPostProcessor - 2======初始化后处理  BeanPostProcessor.postProcessAfterInitialization方法，这里可对com.github.i24x.spring.ioc.bean.Aoo2Test的属性进行更改com.github.i24x.spring.ioc.bean.Aoo2Test@1b84411
[INFO] BoolifeCycleInstantiationAwareBeanPostProcessor - 3====初始化后处理 InstantiationAwareBeanPostProcessor.postProcessAfterInitialization方法:com.github.i24x.spring.ioc.bean.Aoo2Test
</system-err>
  </testcase>
</testsuite>